[16/10/2016 00:18:02] Error: Client executed "BookFlight" on server "washington". Invocation came from USER with additional following information (Error occured while booking a flight, please see server logs. (washington 2016-12-25 21:05 Karachi Muhammad Umer).
[16/10/2016 00:42:17] Error: Client executed "BookFlight" on server "washington". Invocation came from USER with additional following information (Error occured while booking a flight, please see server logs. (washington 2016-12-25 21:05 karachi sdf sdf).
[16/10/2016 00:44:42] Error: Client executed "BookFlight" on server "washington". Invocation came from USER with additional following information (Error occured while booking a flight, please see server logs. (washington 2016-212-25 21:05 karachi sdf sdf).
[16/10/2016 01:18:40] Error: Client executed "BookFlight" on server "Washington". Invocation came from USER with additional following information (Error occured while booking a flight, please see server logs. (Washington 2016-12-25 21:05 Karachi ssd sdf).
[16/10/2016 01:20:17] Error: Client executed "BookFlight" on server "Washington". Invocation came from USER with additional following information (Error occured while booking a flight, please see server logs. (Washington 2016-12-25 21:05 Karachi sdf sdf).
[16/10/2016 01:22:36] Error: Client executed "BookFlight" on server "Washington". Invocation came from USER with additional following information (Error occured while booking a flight, please see server logs. (Washington 2016-12-25 21:05 karachi sdf sdf).
[16/10/2016 01:30:17] Error: Client executed "BookFlight" on server "Washington". Invocation came from USER with additional following information (Error occured while booking a flight, please see server logs. (Washington 2016-12-25 21:05 Karachi sfd sfd).
[16/10/2016 01:36:05] Error: Client executed "BookFlight" on server "Washington". Invocation came from USER with additional following information (Error occured while booking a flight, please see server logs. (Washington 2016-12-25 21:05 Karachi sdf sdf).
[16/10/2016 02:58:00] Error: Client executed "BookFlight" on server "Washington". Invocation came from USER with additional following information (Error occured while booking a flight, please see server logs. (Washington 2016-12-25 21:05 Karachi sdf sdf).
[16/10/2016 03:01:09] Error: Client executed "BookFlight" on server "washington". Invocation came from USER with additional following information (Error occured while booking a flight, please see server logs. (washington 2016-12-25 21:05 karachi sdf ds).
[16/10/2016 03:01:30] Error: Client executed "BookFlight" on server "washington". Invocation came from USER with additional following information (Error occured while booking a flight, please see server logs. (washington 2016-12-25 21:05 karachi usdfm sdf).
[16/10/2016 03:03:22] Error: Client executed "BookFlight" on server "washington". Invocation came from USER with additional following information (Error occured while booking a flight, please see server logs. (washington 22 22 karachi sdf sdf).
[16/10/2016 03:10:34] Error: Client executed "BookFlight" on server "washington". Invocation came from USER with additional following information (Error occured while booking a flight, please see server logs. (washington 22 22 karachi sdf sf).
[16/10/2016 03:11:58] Error: Client executed "BookFlight" on server "washington". Invocation came from USER with additional following information (Error occured while booking a flight, please see server logs. (washington 22 22 karachi sdf sdf).
[16/10/2016 03:16:02] Error: Client executed "BookFlight" on server "washington". Invocation came from USER with additional following information (Error occured while booking a flight, please see server logs. (washington 22 22 karachi sdf sdf).
[16/10/2016 03:18:20] Error: Client executed "BookFlight" on server "washington". Invocation came from USER with additional following information (Error occured while booking a flight, please see server logs. (washington 22 22 karachi sdf sdf).
[16/10/2016 03:21:17] Success: Client executed "BookFlight" on server "washington". Invocation came from USER with additional following information (Flight has been successfuly booked with following information (washington 22 22 karachi sdf sdf).
[16/10/2016 03:28:44] Error: Client executed "BookFlight" on server "washington". Invocation came from USER with additional following information (Error occured while booking a flight, please see server logs. (washington 22 22 karachi sdf sdf).
[16/10/2016 03:29:01] Success: Client executed "BookFlight" on server "washington". Invocation came from USER with additional following information (Flight has been successfuly booked with following information (washington 22 22 karachi sdf sdf).
[16/10/2016 03:29:44] Success: Client executed "BookFlight" on server "washington". Invocation came from USER with additional following information (Flight has been successfuly booked with following information (washington 22 22 miami sdf sdf).
[16/10/2016 03:51:45] Error: Client executed "BookFlight" on server "washington". Invocation came from USER with additional following information (Error occured while booking a flight, please see server logs. (washington 22 22 karachi Umer kk).
[16/10/2016 03:51:59] Error: Client executed "BookFlight" on server "washington". Invocation came from USER with additional following information (Error occured while booking a flight, please see server logs. (washington 22 22 karachi sdf sdf).
[16/10/2016 03:54:11] Success: Client executed "BookFlight" on server "washington". Invocation came from USER with additional following information (Flight has been successfuly booked with following information (washington 22 22 karachi UmerKhan sfd).
[16/10/2016 03:54:13] Success: Client executed "BookFlight" on server "washington". Invocation came from USER with additional following information (Flight has been successfuly booked with following information (washington 22 22 karachi Umer kk).
[16/10/2016 16:31:38] Success: Client executed "BookFlight" on server "Washington". Invocation came from USER with additional following information (Flight has been successfuly booked with following information (Washington 22 22 Karachi Umer Khan).
[16/10/2016 16:34:02] Success: Client executed "BookFlight" on server "Washington". Invocation came from USER with additional following information (Flight has been successfuly booked with following information (Washington 22 22 quetta 22 22).
[16/10/2016 16:47:42] Success: Client executed "BookFlight" on server "washington". Invocation came from USER with additional following information (Flight has been successfuly booked with following information (washington 22 22 karachi 22 22).
[16/10/2016 17:07:12] Success: Client executed "BookFlight" on server "washington". Invocation came from USER with additional following information (Flight has been successfuly booked with following information (washington 22 22 karachi 22 22).
[16/10/2016 17:09:37] Success: Client executed "BookFlight" on server "washington". Invocation came from USER with additional following information (Flight has been successfuly booked with following information (washington 22 22 karachi sdf sdf).
[16/10/2016 17:16:11] Success: Client executed "BookFlight" on server "washington". Invocation came from USER with additional following information (Flight has been successfuly booked with following information (washington 22 22 karachi 22 22).
[16/10/2016 17:17:38] Success: Client executed "BookFlight" on server "washington". Invocation came from USER with additional following information (Flight has been successfuly booked with following information (washington 22 22 karachi Umer khan).
